{"contracts\\Token.sol":{"l":{"15":3,"16":3,"17":3,"24":1,"31":3,"32":1,"39":4,"40":2,"47":1,"48":1,"55":1,"56":1,"62":8,"64":4,"65":4,"66":2,"67":2,"71":2,"72":2,"76":2,"78":6},"path":"C:\\Users\\User\\Desktop\\VSCProject\\CommissionToken\\contracts\\Token.sol","s":{"1":3,"2":3,"3":3,"4":1,"5":3,"6":1,"7":4,"8":2,"9":1,"10":1,"11":1,"12":1,"13":8,"14":4,"15":4,"16":2,"17":2,"18":4,"19":2,"20":2,"21":2,"22":6},"b":{"1":[1,2],"2":[2,2],"3":[1,0],"4":[1,0],"5":[4,4],"6":[2,2],"7":[2,2]},"f":{"1":3,"2":1,"3":3,"4":4,"5":1,"6":1,"7":8},"fnMap":{"1":{"name":"constructor","line":13,"loc":{"start":{"line":13,"column":4},"end":{"line":18,"column":4}}},"2":{"name":"makeBankAddress","line":22,"loc":{"start":{"line":21,"column":4},"end":{"line":25,"column":4}}},"3":{"name":"setBuyCommissionPrecentage","line":29,"loc":{"start":{"line":28,"column":4},"end":{"line":33,"column":4}}},"4":{"name":"setSellCommissionPrecentage","line":37,"loc":{"start":{"line":36,"column":4},"end":{"line":41,"column":4}}},"5":{"name":"addShopAddress","line":45,"loc":{"start":{"line":44,"column":4},"end":{"line":49,"column":4}}},"6":{"name":"removeShopAddress","line":53,"loc":{"start":{"line":52,"column":4},"end":{"line":57,"column":4}}},"7":{"name":"transfer","line":60,"loc":{"start":{"line":60,"column":4},"end":{"line":79,"column":4}}}},"statementMap":{"1":{"start":{"line":15,"column":8},"end":{"line":15,"column":35}},"2":{"start":{"line":16,"column":8},"end":{"line":16,"column":37}},"3":{"start":{"line":17,"column":8},"end":{"line":17,"column":38}},"4":{"start":{"line":24,"column":8},"end":{"line":24,"column":25}},"5":{"start":{"line":31,"column":8},"end":{"line":31,"column":60}},"6":{"start":{"line":32,"column":8},"end":{"line":32,"column":43}},"7":{"start":{"line":39,"column":8},"end":{"line":39,"column":60}},"8":{"start":{"line":40,"column":8},"end":{"line":40,"column":44}},"9":{"start":{"line":47,"column":8},"end":{"line":47,"column":65}},"10":{"start":{"line":48,"column":8},"end":{"line":48,"column":40}},"11":{"start":{"line":55,"column":8},"end":{"line":55,"column":65}},"12":{"start":{"line":56,"column":8},"end":{"line":56,"column":41}},"13":{"start":{"line":62,"column":8},"end":{"line":62,"column":1991}},"14":{"start":{"line":64,"column":12},"end":{"line":64,"column":59}},"15":{"start":{"line":65,"column":12},"end":{"line":65,"column":139}},"16":{"start":{"line":66,"column":12},"end":{"line":66,"column":53}},"17":{"start":{"line":67,"column":12},"end":{"line":67,"column":83}},"18":{"start":{"line":69,"column":13},"end":{"line":69,"column":2406}},"19":{"start":{"line":71,"column":12},"end":{"line":71,"column":53}},"20":{"start":{"line":72,"column":12},"end":{"line":72,"column":79}},"21":{"start":{"line":76,"column":12},"end":{"line":76,"column":53}},"22":{"start":{"line":78,"column":8},"end":{"line":78,"column":19}}},"branchMap":{"1":{"line":31,"type":"if","locations":[{"start":{"line":31,"column":8},"end":{"line":31,"column":8}},{"start":{"line":31,"column":8},"end":{"line":31,"column":8}}]},"2":{"line":39,"type":"if","locations":[{"start":{"line":39,"column":8},"end":{"line":39,"column":8}},{"start":{"line":39,"column":8},"end":{"line":39,"column":8}}]},"3":{"line":47,"type":"if","locations":[{"start":{"line":47,"column":8},"end":{"line":47,"column":8}},{"start":{"line":47,"column":8},"end":{"line":47,"column":8}}]},"4":{"line":55,"type":"if","locations":[{"start":{"line":55,"column":8},"end":{"line":55,"column":8}},{"start":{"line":55,"column":8},"end":{"line":55,"column":8}}]},"5":{"line":62,"type":"if","locations":[{"start":{"line":62,"column":8},"end":{"line":62,"column":8}},{"start":{"line":62,"column":8},"end":{"line":62,"column":8}}]},"6":{"line":65,"type":"if","locations":[{"start":{"line":65,"column":12},"end":{"line":65,"column":12}},{"start":{"line":65,"column":12},"end":{"line":65,"column":12}}]},"7":{"line":69,"type":"if","locations":[{"start":{"line":69,"column":13},"end":{"line":69,"column":13}},{"start":{"line":69,"column":13},"end":{"line":69,"column":13}}]}}}}