{"contracts\\token.sol":{"l":{"27":0,"28":0,"29":0,"38":0,"39":0,"51":0,"52":0,"53":0,"54":0,"63":0,"64":0,"73":0,"74":0,"88":16,"89":16,"90":16,"104":0,"105":0,"119":0,"120":0,"121":0,"122":0,"138":0,"139":0,"155":0,"156":0,"173":10,"174":10,"193":0,"194":0,"213":0,"214":0,"236":29,"240":0,"241":0,"379":3,"380":3,"381":3,"388":0,"396":0,"413":0,"420":0,"427":15,"439":0,"440":0,"447":0,"458":0,"459":0,"476":0,"477":0,"478":0,"494":0,"495":0,"513":0,"514":0,"532":10,"533":10,"535":10,"537":10,"538":10,"539":10,"552":3,"554":3,"556":3,"557":3,"558":3,"573":0,"575":0,"577":0,"578":0,"579":0,"596":0,"597":0,"599":0,"600":0,"611":0,"656":3,"657":3,"658":3,"665":10,"672":10,"673":10,"684":0,"685":0,"693":0,"694":0,"695":0,"714":3,"715":3,"716":3,"723":1,"730":3,"731":1,"738":4,"739":2,"746":1,"747":1,"754":1,"755":1,"761":8,"763":4,"764":4,"765":2,"766":2,"770":2,"771":2,"775":2,"777":6,"783":0,"785":0,"786":0,"787":0,"791":0,"792":0,"793":0,"797":0,"798":0,"800":0},"path":"C:\\Users\\User\\Desktop\\VSCProject\\CommissionToken\\contracts\\token.sol","s":{"1":0,"2":0,"3":0,"4":0,"5":0,"6":0,"7":0,"8":0,"9":0,"10":0,"11":0,"12":0,"13":0,"14":0,"15":0,"16":0,"17":0,"18":0,"19":0,"20":16,"21":16,"22":16,"23":0,"24":0,"25":0,"26":0,"27":0,"28":0,"29":0,"30":0,"31":0,"32":0,"33":0,"34":10,"35":10,"36":0,"37":0,"38":0,"39":0,"40":29,"41":0,"42":3,"43":3,"44":3,"45":0,"46":0,"47":0,"48":0,"49":15,"50":0,"51":0,"52":0,"53":0,"54":0,"55":0,"56":0,"57":0,"58":0,"59":0,"60":0,"61":0,"62":10,"63":10,"64":10,"65":10,"66":10,"67":10,"68":3,"69":3,"70":3,"71":3,"72":3,"73":0,"74":0,"75":0,"76":0,"77":0,"78":0,"79":0,"80":0,"81":0,"82":0,"83":3,"84":3,"85":3,"86":10,"87":10,"88":0,"89":0,"90":0,"91":0,"92":0,"93":3,"94":3,"95":3,"96":1,"97":3,"98":1,"99":4,"100":2,"101":1,"102":1,"103":1,"104":1,"105":8,"106":4,"107":4,"108":2,"109":2,"110":4,"111":2,"112":2,"113":2,"114":6,"115":0,"116":0,"117":0,"118":0,"119":0,"120":0,"121":0,"122":0,"123":0,"124":0,"125":0},"b":{"1":[0,0],"2":[0,0],"3":[0,0],"4":[0,0],"5":[0,0],"6":[0,0],"7":[16,0],"8":[0,0],"9":[0,0],"10":[0,0],"11":[0,0],"12":[0,0],"13":[10,0],"14":[0,0],"15":[0,0],"16":[10,0],"17":[10,0],"18":[3,0],"19":[0,0],"20":[0,0],"21":[0,0],"22":[10,0],"23":[0,0],"24":[1,2],"25":[2,2],"26":[1,0],"27":[1,0],"28":[4,4],"29":[2,2],"30":[2,2],"31":[0,0],"32":[0,0]},"f":{"1":0,"2":0,"3":0,"4":0,"5":0,"6":16,"7":0,"8":0,"9":0,"10":0,"11":10,"12":0,"13":0,"14":29,"15":0,"16":3,"17":0,"18":0,"19":0,"20":0,"21":15,"22":0,"23":0,"24":0,"25":0,"26":0,"27":0,"28":10,"29":3,"30":0,"31":0,"32":0,"33":13,"34":3,"35":10,"36":10,"37":0,"38":0,"39":3,"40":1,"41":3,"42":4,"43":1,"44":1,"45":8,"46":0},"fnMap":{"1":{"name":"tryAdd","line":26,"loc":{"start":{"line":26,"column":4},"end":{"line":30,"column":4}}},"2":{"name":"trySub","line":37,"loc":{"start":{"line":37,"column":4},"end":{"line":40,"column":4}}},"3":{"name":"tryMul","line":47,"loc":{"start":{"line":47,"column":4},"end":{"line":55,"column":4}}},"4":{"name":"tryDiv","line":62,"loc":{"start":{"line":62,"column":4},"end":{"line":65,"column":4}}},"5":{"name":"tryMod","line":72,"loc":{"start":{"line":72,"column":4},"end":{"line":75,"column":4}}},"6":{"name":"add","line":87,"loc":{"start":{"line":87,"column":4},"end":{"line":91,"column":4}}},"7":{"name":"sub","line":103,"loc":{"start":{"line":103,"column":4},"end":{"line":106,"column":4}}},"8":{"name":"mul","line":118,"loc":{"start":{"line":118,"column":4},"end":{"line":123,"column":4}}},"9":{"name":"div","line":137,"loc":{"start":{"line":137,"column":4},"end":{"line":140,"column":4}}},"10":{"name":"mod","line":154,"loc":{"start":{"line":154,"column":4},"end":{"line":157,"column":4}}},"11":{"name":"sub","line":172,"loc":{"start":{"line":172,"column":4},"end":{"line":175,"column":4}}},"12":{"name":"div","line":192,"loc":{"start":{"line":192,"column":4},"end":{"line":195,"column":4}}},"13":{"name":"mod","line":212,"loc":{"start":{"line":212,"column":4},"end":{"line":215,"column":4}}},"14":{"name":"_msgSender","line":235,"loc":{"start":{"line":235,"column":4},"end":{"line":237,"column":4}}},"15":{"name":"_msgData","line":239,"loc":{"start":{"line":239,"column":4},"end":{"line":242,"column":4}}},"16":{"name":"constructor","line":378,"loc":{"start":{"line":378,"column":4},"end":{"line":382,"column":4}}},"17":{"name":"name","line":387,"loc":{"start":{"line":387,"column":4},"end":{"line":389,"column":4}}},"18":{"name":"symbol","line":395,"loc":{"start":{"line":395,"column":4},"end":{"line":397,"column":4}}},"19":{"name":"decimals","line":412,"loc":{"start":{"line":412,"column":4},"end":{"line":414,"column":4}}},"20":{"name":"totalSupply","line":419,"loc":{"start":{"line":419,"column":4},"end":{"line":421,"column":4}}},"21":{"name":"balanceOf","line":426,"loc":{"start":{"line":426,"column":4},"end":{"line":428,"column":4}}},"22":{"name":"transfer","line":438,"loc":{"start":{"line":438,"column":4},"end":{"line":441,"column":4}}},"23":{"name":"allowance","line":446,"loc":{"start":{"line":446,"column":4},"end":{"line":448,"column":4}}},"24":{"name":"approve","line":457,"loc":{"start":{"line":457,"column":4},"end":{"line":460,"column":4}}},"25":{"name":"transferFrom","line":475,"loc":{"start":{"line":475,"column":4},"end":{"line":479,"column":4}}},"26":{"name":"increaseAllowance","line":493,"loc":{"start":{"line":493,"column":4},"end":{"line":496,"column":4}}},"27":{"name":"decreaseAllowance","line":512,"loc":{"start":{"line":512,"column":4},"end":{"line":515,"column":4}}},"28":{"name":"_transfer","line":531,"loc":{"start":{"line":531,"column":4},"end":{"line":540,"column":4}}},"29":{"name":"_mint","line":551,"loc":{"start":{"line":551,"column":4},"end":{"line":559,"column":4}}},"30":{"name":"_burn","line":572,"loc":{"start":{"line":572,"column":4},"end":{"line":580,"column":4}}},"31":{"name":"_approve","line":595,"loc":{"start":{"line":595,"column":4},"end":{"line":601,"column":4}}},"32":{"name":"_setupDecimals","line":610,"loc":{"start":{"line":610,"column":4},"end":{"line":612,"column":4}}},"33":{"name":"_beforeTokenTransfer","line":628,"loc":{"start":{"line":628,"column":4},"end":{"line":628,"column":95}}},"34":{"name":"constructor","line":655,"loc":{"start":{"line":655,"column":4},"end":{"line":659,"column":4}}},"35":{"name":"owner","line":664,"loc":{"start":{"line":664,"column":4},"end":{"line":666,"column":4}}},"36":{"name":"onlyOwner","line":671,"loc":{"start":{"line":671,"column":4},"end":{"line":674,"column":4}}},"37":{"name":"renounceOwnership","line":683,"loc":{"start":{"line":683,"column":4},"end":{"line":686,"column":4}}},"38":{"name":"transferOwnership","line":692,"loc":{"start":{"line":692,"column":4},"end":{"line":696,"column":4}}},"39":{"name":"constructor","line":711,"loc":{"start":{"line":711,"column":4},"end":{"line":717,"column":4}}},"40":{"name":"makeBankAddress","line":721,"loc":{"start":{"line":720,"column":4},"end":{"line":724,"column":4}}},"41":{"name":"setBuyCommissionPrecentage","line":728,"loc":{"start":{"line":727,"column":4},"end":{"line":732,"column":4}}},"42":{"name":"setSellCommissionPrecentage","line":736,"loc":{"start":{"line":735,"column":4},"end":{"line":740,"column":4}}},"43":{"name":"addShopAddress","line":744,"loc":{"start":{"line":743,"column":4},"end":{"line":748,"column":4}}},"44":{"name":"removeShopAddress","line":752,"loc":{"start":{"line":751,"column":4},"end":{"line":756,"column":4}}},"45":{"name":"transfer","line":759,"loc":{"start":{"line":759,"column":4},"end":{"line":778,"column":4}}},"46":{"name":"transferFrom","line":782,"loc":{"start":{"line":782,"column":4},"end":{"line":801,"column":4}}}},"statementMap":{"1":{"start":{"line":27,"column":8},"end":{"line":27,"column":25}},"2":{"start":{"line":28,"column":8},"end":{"line":28,"column":36}},"3":{"start":{"line":28,"column":19},"end":{"line":28,"column":36}},"4":{"start":{"line":29,"column":8},"end":{"line":29,"column":24}},"5":{"start":{"line":38,"column":8},"end":{"line":38,"column":36}},"6":{"start":{"line":38,"column":19},"end":{"line":38,"column":36}},"7":{"start":{"line":39,"column":8},"end":{"line":39,"column":28}},"8":{"start":{"line":51,"column":8},"end":{"line":51,"column":36}},"9":{"start":{"line":51,"column":20},"end":{"line":51,"column":36}},"10":{"start":{"line":52,"column":8},"end":{"line":52,"column":25}},"11":{"start":{"line":53,"column":8},"end":{"line":53,"column":41}},"12":{"start":{"line":53,"column":24},"end":{"line":53,"column":41}},"13":{"start":{"line":54,"column":8},"end":{"line":54,"column":24}},"14":{"start":{"line":63,"column":8},"end":{"line":63,"column":37}},"15":{"start":{"line":63,"column":20},"end":{"line":63,"column":37}},"16":{"start":{"line":64,"column":8},"end":{"line":64,"column":28}},"17":{"start":{"line":73,"column":8},"end":{"line":73,"column":37}},"18":{"start":{"line":73,"column":20},"end":{"line":73,"column":37}},"19":{"start":{"line":74,"column":8},"end":{"line":74,"column":28}},"20":{"start":{"line":88,"column":8},"end":{"line":88,"column":25}},"21":{"start":{"line":89,"column":8},"end":{"line":89,"column":53}},"22":{"start":{"line":90,"column":8},"end":{"line":90,"column":16}},"23":{"start":{"line":104,"column":8},"end":{"line":104,"column":56}},"24":{"start":{"line":105,"column":8},"end":{"line":105,"column":20}},"25":{"start":{"line":119,"column":8},"end":{"line":119,"column":28}},"26":{"start":{"line":119,"column":20},"end":{"line":119,"column":28}},"27":{"start":{"line":120,"column":8},"end":{"line":120,"column":25}},"28":{"start":{"line":121,"column":8},"end":{"line":121,"column":63}},"29":{"start":{"line":122,"column":8},"end":{"line":122,"column":16}},"30":{"start":{"line":138,"column":8},"end":{"line":138,"column":51}},"31":{"start":{"line":139,"column":8},"end":{"line":139,"column":20}},"32":{"start":{"line":155,"column":8},"end":{"line":155,"column":49}},"33":{"start":{"line":156,"column":8},"end":{"line":156,"column":20}},"34":{"start":{"line":173,"column":8},"end":{"line":173,"column":36}},"35":{"start":{"line":174,"column":8},"end":{"line":174,"column":20}},"36":{"start":{"line":193,"column":8},"end":{"line":193,"column":35}},"37":{"start":{"line":194,"column":8},"end":{"line":194,"column":20}},"38":{"start":{"line":213,"column":8},"end":{"line":213,"column":35}},"39":{"start":{"line":214,"column":8},"end":{"line":214,"column":20}},"40":{"start":{"line":236,"column":8},"end":{"line":236,"column":25}},"41":{"start":{"line":241,"column":8},"end":{"line":241,"column":23}},"42":{"start":{"line":379,"column":8},"end":{"line":379,"column":20}},"43":{"start":{"line":380,"column":8},"end":{"line":380,"column":24}},"44":{"start":{"line":381,"column":8},"end":{"line":381,"column":21}},"45":{"start":{"line":388,"column":8},"end":{"line":388,"column":20}},"46":{"start":{"line":396,"column":8},"end":{"line":396,"column":22}},"47":{"start":{"line":413,"column":8},"end":{"line":413,"column":24}},"48":{"start":{"line":420,"column":8},"end":{"line":420,"column":27}},"49":{"start":{"line":427,"column":8},"end":{"line":427,"column":33}},"50":{"start":{"line":439,"column":8},"end":{"line":439,"column":49}},"51":{"start":{"line":440,"column":8},"end":{"line":440,"column":19}},"52":{"start":{"line":447,"column":8},"end":{"line":447,"column":42}},"53":{"start":{"line":458,"column":8},"end":{"line":458,"column":46}},"54":{"start":{"line":459,"column":8},"end":{"line":459,"column":19}},"55":{"start":{"line":476,"column":8},"end":{"line":476,"column":43}},"56":{"start":{"line":477,"column":8},"end":{"line":477,"column":128}},"57":{"start":{"line":478,"column":8},"end":{"line":478,"column":19}},"58":{"start":{"line":494,"column":8},"end":{"line":494,"column":90}},"59":{"start":{"line":495,"column":8},"end":{"line":495,"column":19}},"60":{"start":{"line":513,"column":8},"end":{"line":513,"column":136}},"61":{"start":{"line":514,"column":8},"end":{"line":514,"column":19}},"62":{"start":{"line":532,"column":8},"end":{"line":532,"column":77}},"63":{"start":{"line":533,"column":8},"end":{"line":533,"column":78}},"64":{"start":{"line":535,"column":8},"end":{"line":535,"column":54}},"65":{"start":{"line":537,"column":8},"end":{"line":537,"column":98}},"66":{"start":{"line":538,"column":8},"end":{"line":538,"column":62}},"67":{"start":{"line":539,"column":8},"end":{"line":539,"column":48}},"68":{"start":{"line":552,"column":8},"end":{"line":552,"column":72}},"69":{"start":{"line":554,"column":8},"end":{"line":554,"column":56}},"70":{"start":{"line":556,"column":8},"end":{"line":556,"column":46}},"71":{"start":{"line":557,"column":8},"end":{"line":557,"column":58}},"72":{"start":{"line":558,"column":8},"end":{"line":558,"column":50}},"73":{"start":{"line":573,"column":8},"end":{"line":573,"column":74}},"74":{"start":{"line":575,"column":8},"end":{"line":575,"column":56}},"75":{"start":{"line":577,"column":8},"end":{"line":577,"column":96}},"76":{"start":{"line":578,"column":8},"end":{"line":578,"column":46}},"77":{"start":{"line":579,"column":8},"end":{"line":579,"column":50}},"78":{"start":{"line":596,"column":8},"end":{"line":596,"column":75}},"79":{"start":{"line":597,"column":8},"end":{"line":597,"column":75}},"80":{"start":{"line":599,"column":8},"end":{"line":599,"column":43}},"81":{"start":{"line":600,"column":8},"end":{"line":600,"column":45}},"82":{"start":{"line":611,"column":8},"end":{"line":611,"column":28}},"83":{"start":{"line":656,"column":8},"end":{"line":656,"column":40}},"84":{"start":{"line":657,"column":8},"end":{"line":657,"column":25}},"85":{"start":{"line":658,"column":8},"end":{"line":658,"column":56}},"86":{"start":{"line":665,"column":8},"end":{"line":665,"column":21}},"87":{"start":{"line":672,"column":8},"end":{"line":672,"column":75}},"88":{"start":{"line":684,"column":8},"end":{"line":684,"column":53}},"89":{"start":{"line":685,"column":8},"end":{"line":685,"column":26}},"90":{"start":{"line":693,"column":8},"end":{"line":693,"column":80}},"91":{"start":{"line":694,"column":8},"end":{"line":694,"column":51}},"92":{"start":{"line":695,"column":8},"end":{"line":695,"column":24}},"93":{"start":{"line":714,"column":8},"end":{"line":714,"column":41}},"94":{"start":{"line":715,"column":8},"end":{"line":715,"column":37}},"95":{"start":{"line":716,"column":8},"end":{"line":716,"column":38}},"96":{"start":{"line":723,"column":8},"end":{"line":723,"column":25}},"97":{"start":{"line":730,"column":8},"end":{"line":730,"column":60}},"98":{"start":{"line":731,"column":8},"end":{"line":731,"column":43}},"99":{"start":{"line":738,"column":8},"end":{"line":738,"column":60}},"100":{"start":{"line":739,"column":8},"end":{"line":739,"column":44}},"101":{"start":{"line":746,"column":8},"end":{"line":746,"column":65}},"102":{"start":{"line":747,"column":8},"end":{"line":747,"column":40}},"103":{"start":{"line":754,"column":8},"end":{"line":754,"column":65}},"104":{"start":{"line":755,"column":8},"end":{"line":755,"column":41}},"105":{"start":{"line":761,"column":8},"end":{"line":761,"column":25843}},"106":{"start":{"line":763,"column":12},"end":{"line":763,"column":59}},"107":{"start":{"line":764,"column":12},"end":{"line":764,"column":139}},"108":{"start":{"line":765,"column":12},"end":{"line":765,"column":53}},"109":{"start":{"line":766,"column":12},"end":{"line":766,"column":83}},"110":{"start":{"line":768,"column":13},"end":{"line":768,"column":26251}},"111":{"start":{"line":770,"column":12},"end":{"line":770,"column":53}},"112":{"start":{"line":771,"column":12},"end":{"line":771,"column":79}},"113":{"start":{"line":775,"column":12},"end":{"line":775,"column":53}},"114":{"start":{"line":777,"column":8},"end":{"line":777,"column":19}},"115":{"start":{"line":783,"column":8},"end":{"line":783,"column":26760}},"116":{"start":{"line":785,"column":12},"end":{"line":785,"column":47}},"117":{"start":{"line":786,"column":12},"end":{"line":786,"column":76}},"118":{"start":{"line":787,"column":12},"end":{"line":787,"column":174}},"119":{"start":{"line":789,"column":13},"end":{"line":789,"column":27129}},"120":{"start":{"line":791,"column":12},"end":{"line":791,"column":47}},"121":{"start":{"line":792,"column":12},"end":{"line":792,"column":79}},"122":{"start":{"line":793,"column":12},"end":{"line":793,"column":173}},"123":{"start":{"line":797,"column":12},"end":{"line":797,"column":47}},"124":{"start":{"line":798,"column":12},"end":{"line":798,"column":129}},"125":{"start":{"line":800,"column":8},"end":{"line":800,"column":19}}},"branchMap":{"1":{"line":28,"type":"if","locations":[{"start":{"line":28,"column":8},"end":{"line":28,"column":8}},{"start":{"line":28,"column":8},"end":{"line":28,"column":8}}]},"2":{"line":38,"type":"if","locations":[{"start":{"line":38,"column":8},"end":{"line":38,"column":8}},{"start":{"line":38,"column":8},"end":{"line":38,"column":8}}]},"3":{"line":51,"type":"if","locations":[{"start":{"line":51,"column":8},"end":{"line":51,"column":8}},{"start":{"line":51,"column":8},"end":{"line":51,"column":8}}]},"4":{"line":53,"type":"if","locations":[{"start":{"line":53,"column":8},"end":{"line":53,"column":8}},{"start":{"line":53,"column":8},"end":{"line":53,"column":8}}]},"5":{"line":63,"type":"if","locations":[{"start":{"line":63,"column":8},"end":{"line":63,"column":8}},{"start":{"line":63,"column":8},"end":{"line":63,"column":8}}]},"6":{"line":73,"type":"if","locations":[{"start":{"line":73,"column":8},"end":{"line":73,"column":8}},{"start":{"line":73,"column":8},"end":{"line":73,"column":8}}]},"7":{"line":89,"type":"if","locations":[{"start":{"line":89,"column":8},"end":{"line":89,"column":8}},{"start":{"line":89,"column":8},"end":{"line":89,"column":8}}]},"8":{"line":104,"type":"if","locations":[{"start":{"line":104,"column":8},"end":{"line":104,"column":8}},{"start":{"line":104,"column":8},"end":{"line":104,"column":8}}]},"9":{"line":119,"type":"if","locations":[{"start":{"line":119,"column":8},"end":{"line":119,"column":8}},{"start":{"line":119,"column":8},"end":{"line":119,"column":8}}]},"10":{"line":121,"type":"if","locations":[{"start":{"line":121,"column":8},"end":{"line":121,"column":8}},{"start":{"line":121,"column":8},"end":{"line":121,"column":8}}]},"11":{"line":138,"type":"if","locations":[{"start":{"line":138,"column":8},"end":{"line":138,"column":8}},{"start":{"line":138,"column":8},"end":{"line":138,"column":8}}]},"12":{"line":155,"type":"if","locations":[{"start":{"line":155,"column":8},"end":{"line":155,"column":8}},{"start":{"line":155,"column":8},"end":{"line":155,"column":8}}]},"13":{"line":173,"type":"if","locations":[{"start":{"line":173,"column":8},"end":{"line":173,"column":8}},{"start":{"line":173,"column":8},"end":{"line":173,"column":8}}]},"14":{"line":193,"type":"if","locations":[{"start":{"line":193,"column":8},"end":{"line":193,"column":8}},{"start":{"line":193,"column":8},"end":{"line":193,"column":8}}]},"15":{"line":213,"type":"if","locations":[{"start":{"line":213,"column":8},"end":{"line":213,"column":8}},{"start":{"line":213,"column":8},"end":{"line":213,"column":8}}]},"16":{"line":532,"type":"if","locations":[{"start":{"line":532,"column":8},"end":{"line":532,"column":8}},{"start":{"line":532,"column":8},"end":{"line":532,"column":8}}]},"17":{"line":533,"type":"if","locations":[{"start":{"line":533,"column":8},"end":{"line":533,"column":8}},{"start":{"line":533,"column":8},"end":{"line":533,"column":8}}]},"18":{"line":552,"type":"if","locations":[{"start":{"line":552,"column":8},"end":{"line":552,"column":8}},{"start":{"line":552,"column":8},"end":{"line":552,"column":8}}]},"19":{"line":573,"type":"if","locations":[{"start":{"line":573,"column":8},"end":{"line":573,"column":8}},{"start":{"line":573,"column":8},"end":{"line":573,"column":8}}]},"20":{"line":596,"type":"if","locations":[{"start":{"line":596,"column":8},"end":{"line":596,"column":8}},{"start":{"line":596,"column":8},"end":{"line":596,"column":8}}]},"21":{"line":597,"type":"if","locations":[{"start":{"line":597,"column":8},"end":{"line":597,"column":8}},{"start":{"line":597,"column":8},"end":{"line":597,"column":8}}]},"22":{"line":672,"type":"if","locations":[{"start":{"line":672,"column":8},"end":{"line":672,"column":8}},{"start":{"line":672,"column":8},"end":{"line":672,"column":8}}]},"23":{"line":693,"type":"if","locations":[{"start":{"line":693,"column":8},"end":{"line":693,"column":8}},{"start":{"line":693,"column":8},"end":{"line":693,"column":8}}]},"24":{"line":730,"type":"if","locations":[{"start":{"line":730,"column":8},"end":{"line":730,"column":8}},{"start":{"line":730,"column":8},"end":{"line":730,"column":8}}]},"25":{"line":738,"type":"if","locations":[{"start":{"line":738,"column":8},"end":{"line":738,"column":8}},{"start":{"line":738,"column":8},"end":{"line":738,"column":8}}]},"26":{"line":746,"type":"if","locations":[{"start":{"line":746,"column":8},"end":{"line":746,"column":8}},{"start":{"line":746,"column":8},"end":{"line":746,"column":8}}]},"27":{"line":754,"type":"if","locations":[{"start":{"line":754,"column":8},"end":{"line":754,"column":8}},{"start":{"line":754,"column":8},"end":{"line":754,"column":8}}]},"28":{"line":761,"type":"if","locations":[{"start":{"line":761,"column":8},"end":{"line":761,"column":8}},{"start":{"line":761,"column":8},"end":{"line":761,"column":8}}]},"29":{"line":764,"type":"if","locations":[{"start":{"line":764,"column":12},"end":{"line":764,"column":12}},{"start":{"line":764,"column":12},"end":{"line":764,"column":12}}]},"30":{"line":768,"type":"if","locations":[{"start":{"line":768,"column":13},"end":{"line":768,"column":13}},{"start":{"line":768,"column":13},"end":{"line":768,"column":13}}]},"31":{"line":783,"type":"if","locations":[{"start":{"line":783,"column":8},"end":{"line":783,"column":8}},{"start":{"line":783,"column":8},"end":{"line":783,"column":8}}]},"32":{"line":789,"type":"if","locations":[{"start":{"line":789,"column":13},"end":{"line":789,"column":13}},{"start":{"line":789,"column":13},"end":{"line":789,"column":13}}]}}}}