{
"contracts\\Token.sol":{"l":{"14":3,"15":3,"16":3,"23":1,"30":3,"31":1,"38":4,"39":2,"46":1,"47":1,"54":1,"55":1,"61":8,"63":4,"64":4,"65":2,"66":2,"70":2,"71":2,"75":2,"77":6},"path":"C:\\Users\\User\\Desktop\\VSCProject\\CommissionToken\\contracts\\Token.sol","s":{"1":3,"2":3,"3":3,"4":1,"5":3,"6":1,"7":4,"8":2,"9":1,"10":1,"11":1,"12":1,"13":8,"14":4,"15":4,"16":2,"17":2,"18":4,"19":2,"20":2,"21":2,"22":6},"b":{"1":[1,2],"2":[2,2],"3":[1,0],"4":[1,0],"5":[4,4],"6":[2,2],"7":[2,2]},"f":{"1":3,"2":1,"3":3,"4":4,"5":1,"6":1,"7":8},"fnMap":{"1":{"name":"constructor","line":12,"loc":{"start":{"line":12,"column":4},"end":{"line":17,"column":4}}},"2":{"name":"makeBankAddress","line":21,"loc":{"start":{"line":20,"column":4},"end":{"line":24,"column":4}}},"3":{"name":"setBuyCommissionPrecentage","line":28,"loc":{"start":{"line":27,"column":4},"end":{"line":32,"column":4}}},"4":{"name":"setSellCommissionPrecentage","line":36,"loc":{"start":{"line":35,"column":4},"end":{"line":40,"column":4}}},"5":{"name":"addShopAddress","line":44,"loc":{"start":{"line":43,"column":4},"end":{"line":48,"column":4}}},"6":{"name":"removeShopAddress","line":52,"loc":{"start":{"line":51,"column":4},"end":{"line":56,"column":4}}},"7":{"name":"transfer","line":59,"loc":{"start":{"line":59,"column":4},"end":{"line":78,"column":4}}}},"statementMap":{"1":{"start":{"line":14,"column":8},"end":{"line":14,"column":35}},"2":{"start":{"line":15,"column":8},"end":{"line":15,"column":37}},"3":{"start":{"line":16,"column":8},"end":{"line":16,"column":38}},"4":{"start":{"line":23,"column":8},"end":{"line":23,"column":25}},"5":{"start":{"line":30,"column":8},"end":{"line":30,"column":60}},"6":{"start":{"line":31,"column":8},"end":{"line":31,"column":43}},"7":{"start":{"line":38,"column":8},"end":{"line":38,"column":60}},"8":{"start":{"line":39,"column":8},"end":{"line":39,"column":44}},"9":{"start":{"line":46,"column":8},"end":{"line":46,"column":65}},"10":{"start":{"line":47,"column":8},"end":{"line":47,"column":40}},"11":{"start":{"line":54,"column":8},"end":{"line":54,"column":65}},"12":{"start":{"line":55,"column":8},"end":{"line":55,"column":41}},"13":{"start":{"line":61,"column":8},"end":{"line":61,"column":1960}},"14":{"start":{"line":63,"column":12},"end":{"line":63,"column":59}},"15":{"start":{"line":64,"column":12},"end":{"line":64,"column":139}},"16":{"start":{"line":65,"column":12},"end":{"line":65,"column":53}},"17":{"start":{"line":66,"column":12},"end":{"line":66,"column":83}},"18":{"start":{"line":68,"column":13},"end":{"line":68,"column":2375}},"19":{"start":{"line":70,"column":12},"end":{"line":70,"column":53}},"20":{"start":{"line":71,"column":12},"end":{"line":71,"column":79}},"21":{"start":{"line":75,"column":12},"end":{"line":75,"column":53}},"22":{"start":{"line":77,"column":8},"end":{"line":77,"column":19}}},"branchMap":{"1":{"line":30,"type":"if","locations":[{"start":{"line":30,"column":8},"end":{"line":30,"column":8}},{"start":{"line":30,"column":8},"end":{"line":30,"column":8}}]},"2":{"line":38,"type":"if","locations":[{"start":{"line":38,"column":8},"end":{"line":38,"column":8}},{"start":{"line":38,"column":8},"end":{"line":38,"column":8}}]},"3":{"line":46,"type":"if","locations":[{"start":{"line":46,"column":8},"end":{"line":46,"column":8}},{"start":{"line":46,"column":8},"end":{"line":46,"column":8}}]},"4":{"line":54,"type":"if","locations":[{"start":{"line":54,"column":8},"end":{"line":54,"column":8}},{"start":{"line":54,"column":8},"end":{"line":54,"column":8}}]},"5":{"line":61,"type":"if","locations":[{"start":{"line":61,"column":8},"end":{"line":61,"column":8}},{"start":{"line":61,"column":8},"end":{"line":61,"column":8}}]},"6":{"line":64,"type":"if","locations":[{"start":{"line":64,"column":12},"end":{"line":64,"column":12}},{"start":{"line":64,"column":12},"end":{"line":64,"column":12}}]},"7":{"line":68,"type":"if","locations":[{"start":{"line":68,"column":13},"end":{"line":68,"column":13}},{"start":{"line":68,"column":13},"end":{"line":68,"column":13}}]}}}}
