TN:
SF:C:\Users\User\Desktop\VSCProject\CommissionToken\contracts\token.sol
FN:26,tryAdd
FN:37,trySub
FN:47,tryMul
FN:62,tryDiv
FN:72,tryMod
FN:87,add
FN:103,sub
FN:118,mul
FN:137,div
FN:154,mod
FN:172,sub
FN:192,div
FN:212,mod
FN:235,_msgSender
FN:239,_msgData
FN:378,constructor
FN:387,name
FN:395,symbol
FN:412,decimals
FN:419,totalSupply
FN:426,balanceOf
FN:438,transfer
FN:446,allowance
FN:457,approve
FN:475,transferFrom
FN:493,increaseAllowance
FN:512,decreaseAllowance
FN:531,_transfer
FN:551,_mint
FN:572,_burn
FN:595,_approve
FN:610,_setupDecimals
FN:628,_beforeTokenTransfer
FN:655,constructor
FN:664,owner
FN:671,onlyOwner
FN:683,renounceOwnership
FN:692,transferOwnership
FN:711,constructor
FN:721,makeBankAddress
FN:728,setBuyCommissionPrecentage
FN:736,setSellCommissionPrecentage
FN:744,addShopAddress
FN:752,removeShopAddress
FN:759,transfer
FN:782,transferFrom
FNF:46
FNH:18
FNDA:0,tryAdd
FNDA:0,trySub
FNDA:0,tryMul
FNDA:0,tryDiv
FNDA:0,tryMod
FNDA:16,add
FNDA:0,sub
FNDA:0,mul
FNDA:0,div
FNDA:0,mod
FNDA:10,sub
FNDA:0,div
FNDA:0,mod
FNDA:29,_msgSender
FNDA:0,_msgData
FNDA:3,constructor
FNDA:0,name
FNDA:0,symbol
FNDA:0,decimals
FNDA:0,totalSupply
FNDA:15,balanceOf
FNDA:0,transfer
FNDA:0,allowance
FNDA:0,approve
FNDA:0,transferFrom
FNDA:0,increaseAllowance
FNDA:0,decreaseAllowance
FNDA:10,_transfer
FNDA:3,_mint
FNDA:0,_burn
FNDA:0,_approve
FNDA:0,_setupDecimals
FNDA:13,_beforeTokenTransfer
FNDA:3,constructor
FNDA:10,owner
FNDA:10,onlyOwner
FNDA:0,renounceOwnership
FNDA:0,transferOwnership
FNDA:3,constructor
FNDA:1,makeBankAddress
FNDA:3,setBuyCommissionPrecentage
FNDA:4,setSellCommissionPrecentage
FNDA:1,addShopAddress
FNDA:1,removeShopAddress
FNDA:8,transfer
FNDA:0,transferFrom
DA:27,0
DA:28,0
DA:29,0
DA:38,0
DA:39,0
DA:51,0
DA:52,0
DA:53,0
DA:54,0
DA:63,0
DA:64,0
DA:73,0
DA:74,0
DA:88,16
DA:89,16
DA:90,16
DA:104,0
DA:105,0
DA:119,0
DA:120,0
DA:121,0
DA:122,0
DA:138,0
DA:139,0
DA:155,0
DA:156,0
DA:173,10
DA:174,10
DA:193,0
DA:194,0
DA:213,0
DA:214,0
DA:236,29
DA:240,0
DA:241,0
DA:379,3
DA:380,3
DA:381,3
DA:388,0
DA:396,0
DA:413,0
DA:420,0
DA:427,15
DA:439,0
DA:440,0
DA:447,0
DA:458,0
DA:459,0
DA:476,0
DA:477,0
DA:478,0
DA:494,0
DA:495,0
DA:513,0
DA:514,0
DA:532,10
DA:533,10
DA:535,10
DA:537,10
DA:538,10
DA:539,10
DA:552,3
DA:554,3
DA:556,3
DA:557,3
DA:558,3
DA:573,0
DA:575,0
DA:577,0
DA:578,0
DA:579,0
DA:596,0
DA:597,0
DA:599,0
DA:600,0
DA:611,0
DA:656,3
DA:657,3
DA:658,3
DA:665,10
DA:672,10
DA:673,10
DA:684,0
DA:685,0
DA:693,0
DA:694,0
DA:695,0
DA:714,3
DA:715,3
DA:716,3
DA:723,1
DA:730,3
DA:731,1
DA:738,4
DA:739,2
DA:746,1
DA:747,1
DA:754,1
DA:755,1
DA:761,8
DA:763,4
DA:764,4
DA:765,2
DA:766,2
DA:770,2
DA:771,2
DA:775,2
DA:777,6
DA:783,0
DA:785,0
DA:786,0
DA:787,0
DA:791,0
DA:792,0
DA:793,0
DA:797,0
DA:798,0
DA:800,0
LF:118
LH:48
BRDA:28,1,0,0
BRDA:28,1,1,0
BRDA:38,2,0,0
BRDA:38,2,1,0
BRDA:51,3,0,0
BRDA:51,3,1,0
BRDA:53,4,0,0
BRDA:53,4,1,0
BRDA:63,5,0,0
BRDA:63,5,1,0
BRDA:73,6,0,0
BRDA:73,6,1,0
BRDA:89,7,0,16
BRDA:89,7,1,0
BRDA:104,8,0,0
BRDA:104,8,1,0
BRDA:119,9,0,0
BRDA:119,9,1,0
BRDA:121,10,0,0
BRDA:121,10,1,0
BRDA:138,11,0,0
BRDA:138,11,1,0
BRDA:155,12,0,0
BRDA:155,12,1,0
BRDA:173,13,0,10
BRDA:173,13,1,0
BRDA:193,14,0,0
BRDA:193,14,1,0
BRDA:213,15,0,0
BRDA:213,15,1,0
BRDA:532,16,0,10
BRDA:532,16,1,0
BRDA:533,17,0,10
BRDA:533,17,1,0
BRDA:552,18,0,3
BRDA:552,18,1,0
BRDA:573,19,0,0
BRDA:573,19,1,0
BRDA:596,20,0,0
BRDA:596,20,1,0
BRDA:597,21,0,0
BRDA:597,21,1,0
BRDA:672,22,0,10
BRDA:672,22,1,0
BRDA:693,23,0,0
BRDA:693,23,1,0
BRDA:730,24,0,1
BRDA:730,24,1,2
BRDA:738,25,0,2
BRDA:738,25,1,2
BRDA:746,26,0,1
BRDA:746,26,1,0
BRDA:754,27,0,1
BRDA:754,27,1,0
BRDA:761,28,0,4
BRDA:761,28,1,4
BRDA:764,29,0,2
BRDA:764,29,1,2
BRDA:768,30,0,2
BRDA:768,30,1,2
BRDA:783,31,0,0
BRDA:783,31,1,0
BRDA:789,32,0,0
BRDA:789,32,1,0
BRF:64
BRH:18
end_of_record
