TN:
SF:C:\Users\User\Desktop\VSCProject\CommissionToken\contracts\Token.sol
FN:13,constructor
FN:22,makeBankAddress
FN:29,setBuyCommissionPrecentage
FN:37,setSellCommissionPrecentage
FN:45,addShopAddress
FN:53,removeShopAddress
FN:60,transfer
FNF:7
FNH:7
FNDA:3,constructor
FNDA:1,makeBankAddress
FNDA:3,setBuyCommissionPrecentage
FNDA:4,setSellCommissionPrecentage
FNDA:1,addShopAddress
FNDA:1,removeShopAddress
FNDA:8,transfer
DA:15,3
DA:16,3
DA:17,3
DA:24,1
DA:31,3
DA:32,1
DA:39,4
DA:40,2
DA:47,1
DA:48,1
DA:55,1
DA:56,1
DA:62,8
DA:64,4
DA:65,4
DA:66,2
DA:67,2
DA:71,2
DA:72,2
DA:76,2
DA:78,6
LF:21
LH:21
BRDA:31,1,0,1
BRDA:31,1,1,2
BRDA:39,2,0,2
BRDA:39,2,1,2
BRDA:47,3,0,1
BRDA:47,3,1,0
BRDA:55,4,0,1
BRDA:55,4,1,0
BRDA:62,5,0,4
BRDA:62,5,1,4
BRDA:65,6,0,2
BRDA:65,6,1,2
BRDA:69,7,0,2
BRDA:69,7,1,2
BRF:14
BRH:12
end_of_record
